[ 2016-04-27T18:26:30+08:00 ] ::1 /LFCMS/__PUBLICK__/custom/images/
INFO: [ app_init ] --START--
INFO: Run Behavior\BuildLiteBehavior [ RunTime:0.000039s ]
INFO: [ app_init ] --END-- [ RunTime:0.000501s ]
ERR: 无法加载模块:__PUBLICK__

[ 2016-04-27T18:26:31+08:00 ] ::1 /LFCMS/__PUBLICK__/custom/images/
INFO: [ app_init ] --START--
INFO: Run Behavior\BuildLiteBehavior [ RunTime:0.000039s ]
INFO: [ app_init ] --END-- [ RunTime:0.000582s ]
ERR: 无法加载模块:__PUBLICK__

[ 2016-04-27T18:34:44+08:00 ] ::1 /LFCMS/__PUBLICK__/custom/images/
INFO: [ app_init ] --START--
INFO: Run Behavior\BuildLiteBehavior [ RunTime:0.000060s ]
INFO: [ app_init ] --END-- [ RunTime:0.000837s ]
ERR: 无法加载模块:__PUBLICK__

[ 2016-04-27T18:35:21+08:00 ] ::1 /LFCMS/__PUBLICK__/custom/images/
INFO: [ app_init ] --START--
INFO: Run Behavior\BuildLiteBehavior [ RunTime:0.000056s ]
INFO: [ app_init ] --END-- [ RunTime:0.000793s ]
ERR: 无法加载模块:__PUBLICK__

[ 2016-04-27T18:35:46+08:00 ] ::1 /LFCMS/__PUBLICK__/custom/images/
INFO: [ app_init ] --START--
INFO: Run Behavior\BuildLiteBehavior [ RunTime:0.000047s ]
INFO: [ app_init ] --END-- [ RunTime:0.000578s ]
ERR: 无法加载模块:__PUBLICK__

[ 2016-04-27T18:39:28+08:00 ] ::1 /LFCMS/__PUBLICK__/custom/images/
INFO: [ app_init ] --START--
INFO: Run Behavior\BuildLiteBehavior [ RunTime:0.000044s ]
INFO: [ app_init ] --END-- [ RunTime:0.000572s ]
ERR: 无法加载模块:__PUBLICK__

[ 2016-04-27T18:41:38+08:00 ] ::1 /LFCMS/__PUBLICK__/custom/images/
INFO: [ app_init ] --START--
INFO: Run Behavior\BuildLiteBehavior [ RunTime:0.000043s ]
INFO: [ app_init ] --END-- [ RunTime:0.000670s ]
ERR: 无法加载模块:__PUBLICK__

[ 2016-04-27T18:42:04+08:00 ] ::1 /LFCMS/__PUBLICK__/custom/images/
INFO: [ app_init ] --START--
INFO: Run Behavior\BuildLiteBehavior [ RunTime:0.000048s ]
INFO: [ app_init ] --END-- [ RunTime:0.000808s ]
ERR: 无法加载模块:__PUBLICK__

[ 2016-04-27T18:44:25+08:00 ] ::1 /LFCMS/__PUBLICK__/custom/images/
INFO: [ app_init ] --START--
INFO: Run Behavior\BuildLiteBehavior [ RunTime:0.000050s ]
INFO: [ app_init ] --END-- [ RunTime:0.000672s ]
ERR: 无法加载模块:__PUBLICK__

[ 2016-04-27T18:44:44+08:00 ] ::1 /LFCMS/__PUBLICK__/custom/images/
INFO: [ app_init ] --START--
INFO: Run Behavior\BuildLiteBehavior [ RunTime:0.000043s ]
INFO: [ app_init ] --END-- [ RunTime:0.000622s ]
ERR: 无法加载模块:__PUBLICK__

[ 2016-04-27T18:44:45+08:00 ] ::1 /LFCMS/__PUBLICK__/custom/images/
INFO: [ app_init ] --START--
INFO: Run Behavior\BuildLiteBehavior [ RunTime:0.000048s ]
INFO: [ app_init ] --END-- [ RunTime:0.000603s ]
ERR: 无法加载模块:__PUBLICK__

[ 2016-04-27T18:45:28+08:00 ] ::1 /LFCMS/__PUBLICK__/custom/images/
INFO: [ app_init ] --START--
INFO: Run Behavior\BuildLiteBehavior [ RunTime:0.000058s ]
INFO: [ app_init ] --END-- [ RunTime:0.000708s ]
ERR: 无法加载模块:__PUBLICK__

[ 2016-04-27T18:45:57+08:00 ] ::1 /LFCMS/__PUBLICK__/custom/images/
INFO: [ app_init ] --START--
INFO: Run Behavior\BuildLiteBehavior [ RunTime:0.000050s ]
INFO: [ app_init ] --END-- [ RunTime:0.000664s ]
ERR: 无法加载模块:__PUBLICK__

[ 2016-04-27T18:47:02+08:00 ] ::1 /LFCMS/__PUBLICK__/custom/images/
INFO: [ app_init ] --START--
INFO: Run Behavior\BuildLiteBehavior [ RunTime:0.000043s ]
INFO: [ app_init ] --END-- [ RunTime:0.000707s ]
ERR: 无法加载模块:__PUBLICK__

[ 2016-04-27T18:47:22+08:00 ] ::1 /LFCMS/__PUBLICK__/custom/images/
INFO: [ app_init ] --START--
INFO: Run Behavior\BuildLiteBehavior [ RunTime:0.000052s ]
INFO: [ app_init ] --END-- [ RunTime:0.000799s ]
ERR: 无法加载模块:__PUBLICK__

[ 2016-04-27T18:49:49+08:00 ] ::1 /LFCMS/__PUBLICK__/custom/images/
INFO: [ app_init ] --START--
INFO: Run Behavior\BuildLiteBehavior [ RunTime:0.000051s ]
INFO: [ app_init ] --END-- [ RunTime:0.000607s ]
ERR: 无法加载模块:__PUBLICK__

[ 2016-04-27T18:50:24+08:00 ] ::1 /LFCMS/__PUBLICK__/custom/images/
INFO: [ app_init ] --START--
INFO: Run Behavior\BuildLiteBehavior [ RunTime:0.000043s ]
INFO: [ app_init ] --END-- [ RunTime:0.000658s ]
ERR: 无法加载模块:__PUBLICK__

[ 2016-04-27T18:52:43+08:00 ] ::1 /LFCMS/__PUBLICK__/custom/images/
INFO: [ app_init ] --START--
INFO: Run Behavior\BuildLiteBehavior [ RunTime:0.000042s ]
INFO: [ app_init ] --END-- [ RunTime:0.000702s ]
ERR: 无法加载模块:__PUBLICK__

[ 2016-04-27T18:53:25+08:00 ] ::1 /LFCMS/__PUBLICK__/custom/images/
INFO: [ app_init ] --START--
INFO: Run Behavior\BuildLiteBehavior [ RunTime:0.000047s ]
INFO: [ app_init ] --END-- [ RunTime:0.000697s ]
ERR: 无法加载模块:__PUBLICK__

[ 2016-04-27T18:58:39+08:00 ] ::1 /LFCMS/__PUBLICK__/custom/images/
INFO: [ app_init ] --START--
INFO: Run Behavior\BuildLiteBehavior [ RunTime:0.000045s ]
INFO: [ app_init ] --END-- [ RunTime:0.000659s ]
ERR: 无法加载模块:__PUBLICK__

[ 2016-04-27T19:00:16+08:00 ] ::1 /LFCMS/__PUBLICK__/custom/images/
INFO: [ app_init ] --START--
INFO: Run Behavior\BuildLiteBehavior [ RunTime:0.000063s ]
INFO: [ app_init ] --END-- [ RunTime:0.000846s ]
ERR: 无法加载模块:__PUBLICK__

[ 2016-04-27T19:01:19+08:00 ] ::1 /LFCMS/__PUBLICK__/custom/images/
INFO: [ app_init ] --START--
INFO: Run Behavior\BuildLiteBehavior [ RunTime:0.000065s ]
INFO: [ app_init ] --END-- [ RunTime:0.001851s ]
ERR: 无法加载模块:__PUBLICK__

[ 2016-04-27T20:01:40+08:00 ] ::1 /LFCMS/__PUBLICK__/custom/images/
INFO: [ app_init ] --START--
INFO: Run Behavior\BuildLiteBehavior [ RunTime:0.000140s ]
INFO: [ app_init ] --END-- [ RunTime:0.001121s ]
ERR: 无法加载模块:__PUBLICK__

[ 2016-04-27T20:01:41+08:00 ] ::1 /LFCMS/__PUBLICK__/custom/images/
INFO: [ app_init ] --START--
INFO: Run Behavior\BuildLiteBehavior [ RunTime:0.000069s ]
INFO: [ app_init ] --END-- [ RunTime:0.000960s ]
ERR: 无法加载模块:__PUBLICK__

[ 2016-04-27T20:30:57+08:00 ] ::1 /LFCMS/__PUBLICK__/custom/images/
INFO: [ app_init ] --START--
INFO: Run Behavior\BuildLiteBehavior [ RunTime:0.000074s ]
INFO: [ app_init ] --END-- [ RunTime:0.000896s ]
ERR: 无法加载模块:__PUBLICK__

[ 2016-04-27T20:31:20+08:00 ] ::1 /LFCMS/__PUBLICK__/custom/images/
INFO: [ app_init ] --START--
INFO: Run Behavior\BuildLiteBehavior [ RunTime:0.000075s ]
INFO: [ app_init ] --END-- [ RunTime:0.000960s ]
ERR: 无法加载模块:__PUBLICK__

[ 2016-04-27T20:31:23+08:00 ] ::1 /LFCMS/__PUBLICK__/custom/images/
INFO: [ app_init ] --START--
INFO: Run Behavior\BuildLiteBehavior [ RunTime:0.000056s ]
INFO: [ app_init ] --END-- [ RunTime:0.000750s ]
ERR: 无法加载模块:__PUBLICK__

[ 2016-04-27T20:36:23+08:00 ] ::1 /LFCMS/__PUBLICK__/custom/images/
INFO: [ app_init ] --START--
INFO: Run Behavior\BuildLiteBehavior [ RunTime:0.000060s ]
INFO: [ app_init ] --END-- [ RunTime:0.000804s ]
ERR: 无法加载模块:__PUBLICK__

[ 2016-04-27T20:36:34+08:00 ] ::1 /LFCMS/__PUBLICK__/custom/images/
INFO: [ app_init ] --START--
INFO: Run Behavior\BuildLiteBehavior [ RunTime:0.000056s ]
INFO: [ app_init ] --END-- [ RunTime:0.000761s ]
ERR: 无法加载模块:__PUBLICK__

[ 2016-04-27T20:36:43+08:00 ] ::1 /LFCMS/__PUBLICK__/custom/images/
INFO: [ app_init ] --START--
INFO: Run Behavior\BuildLiteBehavior [ RunTime:0.000059s ]
INFO: [ app_init ] --END-- [ RunTime:0.000773s ]
ERR: 无法加载模块:__PUBLICK__

[ 2016-04-27T20:36:46+08:00 ] ::1 /LFCMS/__PUBLICK__/custom/images/
INFO: [ app_init ] --START--
INFO: Run Behavior\BuildLiteBehavior [ RunTime:0.000065s ]
INFO: [ app_init ] --END-- [ RunTime:0.002055s ]
ERR: 无法加载模块:__PUBLICK__

[ 2016-04-27T20:36:58+08:00 ] ::1 /LFCMS/__PUBLICK__/custom/images/
INFO: [ app_init ] --START--
INFO: Run Behavior\BuildLiteBehavior [ RunTime:0.000067s ]
INFO: [ app_init ] --END-- [ RunTime:0.000900s ]
ERR: 无法加载模块:__PUBLICK__

[ 2016-04-27T20:37:43+08:00 ] ::1 /LFCMS/__PUBLICK__/custom/images/
INFO: [ app_init ] --START--
INFO: Run Behavior\BuildLiteBehavior [ RunTime:0.000063s ]
INFO: [ app_init ] --END-- [ RunTime:0.000853s ]
ERR: 无法加载模块:__PUBLICK__

[ 2016-04-27T20:47:01+08:00 ] ::1 /LFCMS/__PUBLICK__/custom/images/
INFO: [ app_init ] --START--
INFO: Run Behavior\BuildLiteBehavior [ RunTime:0.000069s ]
INFO: [ app_init ] --END-- [ RunTime:0.001065s ]
ERR: 无法加载模块:__PUBLICK__

[ 2016-04-27T20:47:29+08:00 ] ::1 /LFCMS/__PUBLICK__/custom/images/
INFO: [ app_init ] --START--
INFO: Run Behavior\BuildLiteBehavior [ RunTime:0.000045s ]
INFO: [ app_init ] --END-- [ RunTime:0.000550s ]
ERR: 无法加载模块:__PUBLICK__

[ 2016-04-27T20:47:40+08:00 ] ::1 /LFCMS/__PUBLICK__/custom/images/
INFO: [ app_init ] --START--
INFO: Run Behavior\BuildLiteBehavior [ RunTime:0.000062s ]
INFO: [ app_init ] --END-- [ RunTime:0.001226s ]
ERR: 无法加载模块:__PUBLICK__

[ 2016-04-27T20:47:53+08:00 ] ::1 /LFCMS/__PUBLICK__/custom/images/
INFO: [ app_init ] --START--
INFO: Run Behavior\BuildLiteBehavior [ RunTime:0.000056s ]
INFO: [ app_init ] --END-- [ RunTime:0.001129s ]
ERR: 无法加载模块:__PUBLICK__

[ 2016-04-27T20:48:12+08:00 ] ::1 /LFCMS/__PUBLICK__/custom/images/
INFO: [ app_init ] --START--
INFO: Run Behavior\BuildLiteBehavior [ RunTime:0.000061s ]
INFO: [ app_init ] --END-- [ RunTime:0.000814s ]
ERR: 无法加载模块:__PUBLICK__

[ 2016-04-27T20:48:19+08:00 ] ::1 /LFCMS/__PUBLICK__/custom/images/
INFO: [ app_init ] --START--
INFO: Run Behavior\BuildLiteBehavior [ RunTime:0.000077s ]
INFO: [ app_init ] --END-- [ RunTime:0.001129s ]
ERR: 无法加载模块:__PUBLICK__

[ 2016-04-27T20:50:31+08:00 ] ::1 /LFCMS/__PUBLICK__/custom/images/
INFO: [ app_init ] --START--
INFO: Run Behavior\BuildLiteBehavior [ RunTime:0.000061s ]
INFO: [ app_init ] --END-- [ RunTime:0.000793s ]
ERR: 无法加载模块:__PUBLICK__

[ 2016-04-27T20:50:43+08:00 ] ::1 /LFCMS/__PUBLICK__/custom/images/
INFO: [ app_init ] --START--
INFO: Run Behavior\BuildLiteBehavior [ RunTime:0.000096s ]
INFO: [ app_init ] --END-- [ RunTime:0.001451s ]
ERR: 无法加载模块:__PUBLICK__

[ 2016-04-27T20:52:38+08:00 ] ::1 /LFCMS/__PUBLICK__/custom/images/
INFO: [ app_init ] --START--
INFO: Run Behavior\BuildLiteBehavior [ RunTime:0.000058s ]
INFO: [ app_init ] --END-- [ RunTime:0.000828s ]
ERR: 无法加载模块:__PUBLICK__

[ 2016-04-27T21:55:11+08:00 ] ::1 /LFCMS/__PUBLICK__/custom/images/
INFO: [ app_init ] --START--
INFO: Run Behavior\BuildLiteBehavior [ RunTime:0.000102s ]
INFO: [ app_init ] --END-- [ RunTime:0.001506s ]
ERR: 无法加载模块:__PUBLICK__

[ 2016-04-27T21:55:24+08:00 ] ::1 /LFCMS/__PUBLICK__/custom/images/
INFO: [ app_init ] --START--
INFO: Run Behavior\BuildLiteBehavior [ RunTime:0.000088s ]
INFO: [ app_init ] --END-- [ RunTime:0.001564s ]
ERR: 无法加载模块:__PUBLICK__

[ 2016-04-27T21:55:28+08:00 ] ::1 /LFCMS/__PUBLICK__/custom/images/
INFO: [ app_init ] --START--
INFO: Run Behavior\BuildLiteBehavior [ RunTime:0.000055s ]
INFO: [ app_init ] --END-- [ RunTime:0.000960s ]
ERR: 无法加载模块:__PUBLICK__

[ 2016-04-27T21:55:54+08:00 ] ::1 /LFCMS/__PUBLICK__/custom/images/
INFO: [ app_init ] --START--
INFO: Run Behavior\BuildLiteBehavior [ RunTime:0.000074s ]
INFO: [ app_init ] --END-- [ RunTime:0.000865s ]
ERR: 无法加载模块:__PUBLICK__

[ 2016-04-27T21:56:12+08:00 ] ::1 /LFCMS/__PUBLICK__/custom/images/
INFO: [ app_init ] --START--
INFO: Run Behavior\BuildLiteBehavior [ RunTime:0.000071s ]
INFO: [ app_init ] --END-- [ RunTime:0.000855s ]
ERR: 无法加载模块:__PUBLICK__

[ 2016-04-27T21:56:48+08:00 ] ::1 /LFCMS/__PUBLICK__/custom/images/
INFO: [ app_init ] --START--
INFO: Run Behavior\BuildLiteBehavior [ RunTime:0.000108s ]
INFO: [ app_init ] --END-- [ RunTime:0.001533s ]
ERR: 无法加载模块:__PUBLICK__

[ 2016-04-27T21:56:49+08:00 ] ::1 /LFCMS/__PUBLICK__/custom/images/
INFO: [ app_init ] --START--
INFO: Run Behavior\BuildLiteBehavior [ RunTime:0.000051s ]
INFO: [ app_init ] --END-- [ RunTime:0.000659s ]
ERR: 无法加载模块:__PUBLICK__

[ 2016-04-27T21:59:37+08:00 ] ::1 /LFCMS/__PUBLICK__/custom/images/
INFO: [ app_init ] --START--
INFO: Run Behavior\BuildLiteBehavior [ RunTime:0.000056s ]
INFO: [ app_init ] --END-- [ RunTime:0.000790s ]
ERR: 无法加载模块:__PUBLICK__

[ 2016-04-27T22:03:21+08:00 ] ::1 /LFCMS/__PUBLICK__/custom/images/
INFO: [ app_init ] --START--
INFO: Run Behavior\BuildLiteBehavior [ RunTime:0.000047s ]
INFO: [ app_init ] --END-- [ RunTime:0.000717s ]
ERR: 无法加载模块:__PUBLICK__

[ 2016-04-27T22:06:45+08:00 ] ::1 /LFCMS/__PUBLICK__/custom/images/
INFO: [ app_init ] --START--
INFO: Run Behavior\BuildLiteBehavior [ RunTime:0.000047s ]
INFO: [ app_init ] --END-- [ RunTime:0.000549s ]
ERR: 无法加载模块:__PUBLICK__

[ 2016-04-27T22:07:05+08:00 ] ::1 /LFCMS/__PUBLICK__/custom/images/
INFO: [ app_init ] --START--
INFO: Run Behavior\BuildLiteBehavior [ RunTime:0.000056s ]
INFO: [ app_init ] --END-- [ RunTime:0.000566s ]
ERR: 无法加载模块:__PUBLICK__

[ 2016-04-27T22:07:26+08:00 ] ::1 /LFCMS/__PUBLICK__/custom/images/
INFO: [ app_init ] --START--
INFO: Run Behavior\BuildLiteBehavior [ RunTime:0.000045s ]
INFO: [ app_init ] --END-- [ RunTime:0.000603s ]
ERR: 无法加载模块:__PUBLICK__

[ 2016-04-27T22:09:03+08:00 ] ::1 /LFCMS/__PUBLICK__/custom/images/
INFO: [ app_init ] --START--
INFO: Run Behavior\BuildLiteBehavior [ RunTime:0.000074s ]
INFO: [ app_init ] --END-- [ RunTime:0.001112s ]
ERR: 无法加载模块:__PUBLICK__

[ 2016-04-27T22:09:30+08:00 ] ::1 /LFCMS/__PUBLICK__/custom/images/
INFO: [ app_init ] --START--
INFO: Run Behavior\BuildLiteBehavior [ RunTime:0.000054s ]
INFO: [ app_init ] --END-- [ RunTime:0.000751s ]
ERR: 无法加载模块:__PUBLICK__

[ 2016-04-27T22:09:41+08:00 ] ::1 /LFCMS/__PUBLICK__/custom/images/
INFO: [ app_init ] --START--
INFO: Run Behavior\BuildLiteBehavior [ RunTime:0.000048s ]
INFO: [ app_init ] --END-- [ RunTime:0.000691s ]
ERR: 无法加载模块:__PUBLICK__

[ 2016-04-27T22:16:19+08:00 ] ::1 /LFCMS/__PUBLICK__/custom/images/
INFO: [ app_init ] --START--
INFO: Run Behavior\BuildLiteBehavior [ RunTime:0.000147s ]
INFO: [ app_init ] --END-- [ RunTime:0.001230s ]
ERR: 无法加载模块:__PUBLICK__

[ 2016-04-27T22:16:59+08:00 ] ::1 /LFCMS/Index/index
INFO: [ app_init ] --START--
INFO: Run Behavior\BuildLiteBehavior [ RunTime:0.000062s ]
INFO: [ app_init ] --END-- [ RunTime:0.001023s ]
ERR: 无法加载模块:Index

[ 2016-04-27T22:17:14+08:00 ] ::1 /LFCMS/__PUBLICK__/custom/images/
INFO: [ app_init ] --START--
INFO: Run Behavior\BuildLiteBehavior [ RunTime:0.000059s ]
INFO: [ app_init ] --END-- [ RunTime:0.001097s ]
ERR: 无法加载模块:__PUBLICK__

[ 2016-04-27T22:18:56+08:00 ] ::1 /LFCMS/LFCMS/Home/Index/index.html
INFO: [ app_init ] --START--
INFO: Run Behavior\BuildLiteBehavior [ RunTime:0.000050s ]
INFO: [ app_init ] --END-- [ RunTime:0.000988s ]
ERR: 无法加载模块:LFCMS

[ 2016-04-27T22:19:18+08:00 ] ::1 /LFCMS/LFCMS/Home/Index/index.html
INFO: [ app_init ] --START--
INFO: Run Behavior\BuildLiteBehavior [ RunTime:0.000058s ]
INFO: [ app_init ] --END-- [ RunTime:0.000645s ]
ERR: 无法加载模块:LFCMS

[ 2016-04-27T22:19:20+08:00 ] ::1 /LFCMS/LFCMSHome/Index/index.html
INFO: [ app_init ] --START--
INFO: Run Behavior\BuildLiteBehavior [ RunTime:0.000041s ]
INFO: [ app_init ] --END-- [ RunTime:0.000624s ]
ERR: 无法加载模块:LFCMSHome

[ 2016-04-27T22:19:29+08:00 ] ::1 /LFCMS/LFCMS/Index/index.html
INFO: [ app_init ] --START--
INFO: Run Behavior\BuildLiteBehavior [ RunTime:0.000049s ]
INFO: [ app_init ] --END-- [ RunTime:0.000655s ]
ERR: 无法加载模块:LFCMS

[ 2016-04-27T22:19:35+08:00 ] ::1 /LFCMS/LFCMS/Index/index.html
INFO: [ app_init ] --START--
INFO: Run Behavior\BuildLiteBehavior [ RunTime:0.000045s ]
INFO: [ app_init ] --END-- [ RunTime:0.000554s ]
ERR: 无法加载模块:LFCMS

[ 2016-04-27T22:21:35+08:00 ] ::1 /LFCMS/__PUBLICK__/custom/images/
INFO: [ app_init ] --START--
INFO: Run Behavior\BuildLiteBehavior [ RunTime:0.000042s ]
INFO: [ app_init ] --END-- [ RunTime:0.000677s ]
ERR: 无法加载模块:__PUBLICK__

