[ 2016-05-18T08:39:50+08:00 ] ::1 /LFCMS/__PUBLICK__/custom/images/
INFO: [ app_init ] --START--
INFO: Run Behavior\BuildLiteBehavior [ RunTime:0.000013s ]
INFO: [ app_init ] --END-- [ RunTime:0.000290s ]
ERR: 无法加载模块:__PUBLICK__

[ 2016-05-18T08:40:18+08:00 ] ::1 /LFCMS/Public/admin/Js/jquery.sorted.js
INFO: [ app_init ] --START--
INFO: Run Behavior\BuildLiteBehavior [ RunTime:0.000014s ]
INFO: [ app_init ] --END-- [ RunTime:0.000362s ]
ERR: 无法加载模块:Public

[ 2016-05-18T08:42:01+08:00 ] ::1 /LFCMS/Public/admin/Js/jquery.sorted.js
INFO: [ app_init ] --START--
INFO: Run Behavior\BuildLiteBehavior [ RunTime:0.000013s ]
INFO: [ app_init ] --END-- [ RunTime:0.000287s ]
ERR: 无法加载模块:Public

[ 2016-05-18T09:25:40+08:00 ] ::1 /LFCMS/Public/admin/Js/jquery.sorted.js
INFO: [ app_init ] --START--
INFO: Run Behavior\BuildLiteBehavior [ RunTime:0.000012s ]
INFO: [ app_init ] --END-- [ RunTime:0.000302s ]
ERR: 无法加载模块:Public

[ 2016-05-18T09:26:00+08:00 ] ::1 /LFCMS/Public/admin/Js/jquery.sorted.js
INFO: [ app_init ] --START--
INFO: Run Behavior\BuildLiteBehavior [ RunTime:0.000013s ]
INFO: [ app_init ] --END-- [ RunTime:0.000311s ]
ERR: 无法加载模块:Public

[ 2016-05-18T09:26:02+08:00 ] ::1 /LFCMS/Public/admin/Js/jquery.sorted.js
INFO: [ app_init ] --START--
INFO: Run Behavior\BuildLiteBehavior [ RunTime:0.000013s ]
INFO: [ app_init ] --END-- [ RunTime:0.000307s ]
ERR: 无法加载模块:Public

[ 2016-05-18T09:27:53+08:00 ] ::1 /LFCMS/Public/admin/Js/jquery.sorted.js
INFO: [ app_init ] --START--
INFO: Run Behavior\BuildLiteBehavior [ RunTime:0.000014s ]
INFO: [ app_init ] --END-- [ RunTime:0.000316s ]
ERR: 无法加载模块:Public

[ 2016-05-18T09:27:56+08:00 ] ::1 /LFCMS/Public/admin/Js/jquery.sorted.js
INFO: [ app_init ] --START--
INFO: Run Behavior\BuildLiteBehavior [ RunTime:0.000015s ]
INFO: [ app_init ] --END-- [ RunTime:0.000381s ]
ERR: 无法加载模块:Public

[ 2016-05-18T13:33:15+08:00 ] ::1 /LFCMS/Public/admin/Js/jquery.sorted.js
INFO: [ app_init ] --START--
INFO: Run Behavior\BuildLiteBehavior [ RunTime:0.000014s ]
INFO: [ app_init ] --END-- [ RunTime:0.000325s ]
ERR: 无法加载模块:Public

[ 2016-05-18T13:33:38+08:00 ] ::1 /LFCMS/Public/admin/Js/jquery.sorted.js
INFO: [ app_init ] --START--
INFO: Run Behavior\BuildLiteBehavior [ RunTime:0.000018s ]
INFO: [ app_init ] --END-- [ RunTime:0.000399s ]
ERR: 无法加载模块:Public

[ 2016-05-18T13:33:48+08:00 ] ::1 /LFCMS/Public/admin/Js/jquery.sorted.js
INFO: [ app_init ] --START--
INFO: Run Behavior\BuildLiteBehavior [ RunTime:0.000013s ]
INFO: [ app_init ] --END-- [ RunTime:0.000299s ]
ERR: 无法加载模块:Public

[ 2016-05-18T14:07:47+08:00 ] ::1 /LFCMS/Public/admin/Js/jquery.sorted.js
INFO: [ app_init ] --START--
INFO: Run Behavior\BuildLiteBehavior [ RunTime:0.000015s ]
INFO: [ app_init ] --END-- [ RunTime:0.000357s ]
ERR: 无法加载模块:Public

[ 2016-05-18T14:11:09+08:00 ] 192.168.0.237 /LFCMS/%EF%BD%81
INFO: [ app_init ] --START--
INFO: Run Behavior\BuildLiteBehavior [ RunTime:0.000012s ]
INFO: [ app_init ] --END-- [ RunTime:0.000302s ]
ERR: 无法加载模块:ａ

[ 2016-05-18T14:12:39+08:00 ] 192.168.0.237 /LFCMS/Public/admin/Js/jquery.sorted.js
INFO: [ app_init ] --START--
INFO: Run Behavior\BuildLiteBehavior [ RunTime:0.000012s ]
INFO: [ app_init ] --END-- [ RunTime:0.000296s ]
ERR: 无法加载模块:Public

[ 2016-05-18T14:16:00+08:00 ] 192.168.0.237 /LFCMS/Public/admin/Js/jquery.sorted.js
INFO: [ app_init ] --START--
INFO: Run Behavior\BuildLiteBehavior [ RunTime:0.000012s ]
INFO: [ app_init ] --END-- [ RunTime:0.000313s ]
ERR: 无法加载模块:Public

[ 2016-05-18T14:16:19+08:00 ] 192.168.0.237 /LFCMS/Public/admin/Js/jquery.sorted.js
INFO: [ app_init ] --START--
INFO: Run Behavior\BuildLiteBehavior [ RunTime:0.000012s ]
INFO: [ app_init ] --END-- [ RunTime:0.000292s ]
ERR: 无法加载模块:Public

[ 2016-05-18T14:16:52+08:00 ] 192.168.0.237 /LFCMS/Public/admin/Js/jquery.sorted.js
INFO: [ app_init ] --START--
INFO: Run Behavior\BuildLiteBehavior [ RunTime:0.000011s ]
INFO: [ app_init ] --END-- [ RunTime:0.000286s ]
ERR: 无法加载模块:Public

[ 2016-05-18T14:17:06+08:00 ] 192.168.0.237 /LFCMS/Public/admin/Js/jquery.sorted.js
INFO: [ app_init ] --START--
INFO: Run Behavior\BuildLiteBehavior [ RunTime:0.000012s ]
INFO: [ app_init ] --END-- [ RunTime:0.000287s ]
ERR: 无法加载模块:Public

[ 2016-05-18T14:17:17+08:00 ] 192.168.0.237 /LFCMS/Public/admin/Js/jquery.sorted.js
INFO: [ app_init ] --START--
INFO: Run Behavior\BuildLiteBehavior [ RunTime:0.000012s ]
INFO: [ app_init ] --END-- [ RunTime:0.000290s ]
ERR: 无法加载模块:Public

[ 2016-05-18T14:18:10+08:00 ] 192.168.0.237 /LFCMS/Public/admin/Js/jquery.sorted.js
INFO: [ app_init ] --START--
INFO: Run Behavior\BuildLiteBehavior [ RunTime:0.000012s ]
INFO: [ app_init ] --END-- [ RunTime:0.000288s ]
ERR: 无法加载模块:Public

[ 2016-05-18T14:20:03+08:00 ] ::1 /LFCMS/Public/admin/Js/jquery.sorted.js
INFO: [ app_init ] --START--
INFO: Run Behavior\BuildLiteBehavior [ RunTime:0.000015s ]
INFO: [ app_init ] --END-- [ RunTime:0.000327s ]
ERR: 无法加载模块:Public

[ 2016-05-18T14:20:07+08:00 ] ::1 /LFCMS/Public/admin/Js/jquery.sorted.js
INFO: [ app_init ] --START--
INFO: Run Behavior\BuildLiteBehavior [ RunTime:0.000014s ]
INFO: [ app_init ] --END-- [ RunTime:0.000391s ]
ERR: 无法加载模块:Public

[ 2016-05-18T14:21:18+08:00 ] ::1 /LFCMS/Public/admin/Js/jquery.sorted.js
INFO: [ app_init ] --START--
INFO: Run Behavior\BuildLiteBehavior [ RunTime:0.000014s ]
INFO: [ app_init ] --END-- [ RunTime:0.000323s ]
ERR: 无法加载模块:Public

[ 2016-05-18T14:21:35+08:00 ] ::1 /LFCMS/Public/admin/Js/jquery.sorted.js
INFO: [ app_init ] --START--
INFO: Run Behavior\BuildLiteBehavior [ RunTime:0.000014s ]
INFO: [ app_init ] --END-- [ RunTime:0.000327s ]
ERR: 无法加载模块:Public

[ 2016-05-18T14:21:41+08:00 ] 192.168.0.237 /LFCMS/Public/admin/Js/jquery.sorted.js
INFO: [ app_init ] --START--
INFO: Run Behavior\BuildLiteBehavior [ RunTime:0.000013s ]
INFO: [ app_init ] --END-- [ RunTime:0.000285s ]
ERR: 无法加载模块:Public

[ 2016-05-18T14:22:58+08:00 ] ::1 /LFCMS/Public/admin/Js/jquery.sorted.js
INFO: [ app_init ] --START--
INFO: Run Behavior\BuildLiteBehavior [ RunTime:0.000013s ]
INFO: [ app_init ] --END-- [ RunTime:0.000308s ]
ERR: 无法加载模块:Public

[ 2016-05-18T14:23:10+08:00 ] 192.168.0.237 /LFCMS/Public/admin/Js/jquery.sorted.js
INFO: [ app_init ] --START--
INFO: Run Behavior\BuildLiteBehavior [ RunTime:0.000013s ]
INFO: [ app_init ] --END-- [ RunTime:0.000299s ]
ERR: 无法加载模块:Public

[ 2016-05-18T14:23:51+08:00 ] 192.168.0.237 /LFCMS/Public/admin/Js/jquery.sorted.js
INFO: [ app_init ] --START--
INFO: Run Behavior\BuildLiteBehavior [ RunTime:0.000012s ]
INFO: [ app_init ] --END-- [ RunTime:0.000285s ]
ERR: 无法加载模块:Public

[ 2016-05-18T14:24:33+08:00 ] 192.168.0.237 /LFCMS/Public/admin/Js/jquery.sorted.js
INFO: [ app_init ] --START--
INFO: Run Behavior\BuildLiteBehavior [ RunTime:0.000013s ]
INFO: [ app_init ] --END-- [ RunTime:0.000286s ]
ERR: 无法加载模块:Public

[ 2016-05-18T14:28:07+08:00 ] 192.168.0.237 /LFCMS/Public/admin/Js/jquery.sorted.js
INFO: [ app_init ] --START--
INFO: Run Behavior\BuildLiteBehavior [ RunTime:0.000061s ]
INFO: [ app_init ] --END-- [ RunTime:0.000490s ]
ERR: 无法加载模块:Public

[ 2016-05-18T14:28:27+08:00 ] ::1 /LFCMS/Public/admin/Js/jquery.sorted.js
INFO: [ app_init ] --START--
INFO: Run Behavior\BuildLiteBehavior [ RunTime:0.000019s ]
INFO: [ app_init ] --END-- [ RunTime:0.000394s ]
ERR: 无法加载模块:Public

[ 2016-05-18T14:28:54+08:00 ] ::1 /LFCMS/Public/admin/Js/jquery.sorted.js
INFO: [ app_init ] --START--
INFO: Run Behavior\BuildLiteBehavior [ RunTime:0.000021s ]
INFO: [ app_init ] --END-- [ RunTime:0.000422s ]
ERR: 无法加载模块:Public

[ 2016-05-18T14:29:12+08:00 ] ::1 /LFCMS/Public/admin/Js/jquery.sorted.js
INFO: [ app_init ] --START--
INFO: Run Behavior\BuildLiteBehavior [ RunTime:0.000020s ]
INFO: [ app_init ] --END-- [ RunTime:0.000489s ]
ERR: 无法加载模块:Public

[ 2016-05-18T14:34:48+08:00 ] ::1 /LFCMS/Public/admin/Js/jquery.sorted.js
INFO: [ app_init ] --START--
INFO: Run Behavior\BuildLiteBehavior [ RunTime:0.000022s ]
INFO: [ app_init ] --END-- [ RunTime:0.000527s ]
ERR: 无法加载模块:Public

[ 2016-05-18T14:35:14+08:00 ] ::1 /LFCMS/Public/admin/Js/jquery.sorted.js
INFO: [ app_init ] --START--
INFO: Run Behavior\BuildLiteBehavior [ RunTime:0.000012s ]
INFO: [ app_init ] --END-- [ RunTime:0.000299s ]
ERR: 无法加载模块:Public

[ 2016-05-18T14:37:07+08:00 ] ::1 /LFCMS/Public/admin/Js/jquery.sorted.js
INFO: [ app_init ] --START--
INFO: Run Behavior\BuildLiteBehavior [ RunTime:0.000012s ]
INFO: [ app_init ] --END-- [ RunTime:0.000295s ]
ERR: 无法加载模块:Public

[ 2016-05-18T14:38:19+08:00 ] ::1 /LFCMS/Public/admin/Js/jquery.sorted.js
INFO: [ app_init ] --START--
INFO: Run Behavior\BuildLiteBehavior [ RunTime:0.000017s ]
INFO: [ app_init ] --END-- [ RunTime:0.000321s ]
ERR: 无法加载模块:Public

[ 2016-05-18T14:38:27+08:00 ] 192.168.0.237 /LFCMS/Public/admin/Js/jquery.sorted.js
INFO: [ app_init ] --START--
INFO: Run Behavior\BuildLiteBehavior [ RunTime:0.000012s ]
INFO: [ app_init ] --END-- [ RunTime:0.000289s ]
ERR: 无法加载模块:Public

[ 2016-05-18T14:38:48+08:00 ] 192.168.0.237 /LFCMS/Public/admin/Js/jquery.sorted.js
INFO: [ app_init ] --START--
INFO: Run Behavior\BuildLiteBehavior [ RunTime:0.000012s ]
INFO: [ app_init ] --END-- [ RunTime:0.000282s ]
ERR: 无法加载模块:Public

[ 2016-05-18T14:39:24+08:00 ] 192.168.0.237 /LFCMS/Public/admin/Js/jquery.sorted.js
INFO: [ app_init ] --START--
INFO: Run Behavior\BuildLiteBehavior [ RunTime:0.000012s ]
INFO: [ app_init ] --END-- [ RunTime:0.000316s ]
ERR: 无法加载模块:Public

[ 2016-05-18T14:39:32+08:00 ] ::1 /LFCMS/Public/admin/Js/jquery.sorted.js
INFO: [ app_init ] --START--
INFO: Run Behavior\BuildLiteBehavior [ RunTime:0.000012s ]
INFO: [ app_init ] --END-- [ RunTime:0.000298s ]
ERR: 无法加载模块:Public

[ 2016-05-18T14:40:44+08:00 ] 192.168.0.237 /LFCMS/Public/admin/Js/jquery.sorted.js
INFO: [ app_init ] --START--
INFO: Run Behavior\BuildLiteBehavior [ RunTime:0.000011s ]
INFO: [ app_init ] --END-- [ RunTime:0.000283s ]
ERR: 无法加载模块:Public

[ 2016-05-18T14:40:59+08:00 ] 192.168.0.237 /LFCMS/Public/admin/Js/jquery.sorted.js
INFO: [ app_init ] --START--
INFO: Run Behavior\BuildLiteBehavior [ RunTime:0.000012s ]
INFO: [ app_init ] --END-- [ RunTime:0.000290s ]
ERR: 无法加载模块:Public

[ 2016-05-18T14:42:26+08:00 ] ::1 /LFCMS/Public/admin/Js/jquery.sorted.js
INFO: [ app_init ] --START--
INFO: Run Behavior\BuildLiteBehavior [ RunTime:0.000013s ]
INFO: [ app_init ] --END-- [ RunTime:0.000314s ]
ERR: 无法加载模块:Public

[ 2016-05-18T14:42:42+08:00 ] ::1 /LFCMS/Public/admin/Js/jquery.sorted.js
INFO: [ app_init ] --START--
INFO: Run Behavior\BuildLiteBehavior [ RunTime:0.000053s ]
INFO: [ app_init ] --END-- [ RunTime:0.000700s ]
ERR: 无法加载模块:Public

[ 2016-05-18T14:43:04+08:00 ] ::1 /LFCMS/Public/admin/Js/jquery.sorted.js
INFO: [ app_init ] --START--
INFO: Run Behavior\BuildLiteBehavior [ RunTime:0.000013s ]
INFO: [ app_init ] --END-- [ RunTime:0.000302s ]
ERR: 无法加载模块:Public

[ 2016-05-18T14:43:18+08:00 ] ::1 /LFCMS/Public/admin/Js/jquery.sorted.js
INFO: [ app_init ] --START--
INFO: Run Behavior\BuildLiteBehavior [ RunTime:0.000013s ]
INFO: [ app_init ] --END-- [ RunTime:0.000301s ]
ERR: 无法加载模块:Public

[ 2016-05-18T14:43:45+08:00 ] ::1 /LFCMS/Public/admin/Js/jquery.sorted.js
INFO: [ app_init ] --START--
INFO: Run Behavior\BuildLiteBehavior [ RunTime:0.000013s ]
INFO: [ app_init ] --END-- [ RunTime:0.000320s ]
ERR: 无法加载模块:Public

[ 2016-05-18T14:44:11+08:00 ] ::1 /LFCMS/Public/admin/Js/jquery.sorted.js
INFO: [ app_init ] --START--
INFO: Run Behavior\BuildLiteBehavior [ RunTime:0.000012s ]
INFO: [ app_init ] --END-- [ RunTime:0.000304s ]
ERR: 无法加载模块:Public

[ 2016-05-18T14:44:59+08:00 ] ::1 /LFCMS/Public/admin/Js/jquery.sorted.js
INFO: [ app_init ] --START--
INFO: Run Behavior\BuildLiteBehavior [ RunTime:0.000013s ]
INFO: [ app_init ] --END-- [ RunTime:0.000395s ]
ERR: 无法加载模块:Public

[ 2016-05-18T14:45:34+08:00 ] ::1 /LFCMS/Public/admin/Js/jquery.sorted.js
INFO: [ app_init ] --START--
INFO: Run Behavior\BuildLiteBehavior [ RunTime:0.000014s ]
INFO: [ app_init ] --END-- [ RunTime:0.000302s ]
ERR: 无法加载模块:Public

[ 2016-05-18T14:51:29+08:00 ] 192.168.0.237 /LFCMS/Public/admin/Js/jquery.sorted.js
INFO: [ app_init ] --START--
INFO: Run Behavior\BuildLiteBehavior [ RunTime:0.000012s ]
INFO: [ app_init ] --END-- [ RunTime:0.000298s ]
ERR: 无法加载模块:Public

[ 2016-05-18T14:55:27+08:00 ] ::1 /LFCMS/Public/admin/Js/jquery.sorted.js
INFO: [ app_init ] --START--
INFO: Run Behavior\BuildLiteBehavior [ RunTime:0.000013s ]
INFO: [ app_init ] --END-- [ RunTime:0.000311s ]
ERR: 无法加载模块:Public

[ 2016-05-18T14:58:39+08:00 ] ::1 /LFCMS/Public/admin/Js/jquery.sorted.js
INFO: [ app_init ] --START--
INFO: Run Behavior\BuildLiteBehavior [ RunTime:0.000013s ]
INFO: [ app_init ] --END-- [ RunTime:0.000327s ]
ERR: 无法加载模块:Public

[ 2016-05-18T14:58:46+08:00 ] 192.168.0.237 /LFCMS/Public/admin/Js/jquery.sorted.js
INFO: [ app_init ] --START--
INFO: Run Behavior\BuildLiteBehavior [ RunTime:0.000012s ]
INFO: [ app_init ] --END-- [ RunTime:0.000297s ]
ERR: 无法加载模块:Public

[ 2016-05-18T14:58:49+08:00 ] 192.168.0.237 /LFCMS/Public/admin/Js/jquery.sorted.js
INFO: [ app_init ] --START--
INFO: Run Behavior\BuildLiteBehavior [ RunTime:0.000012s ]
INFO: [ app_init ] --END-- [ RunTime:0.000288s ]
ERR: 无法加载模块:Public

[ 2016-05-18T14:58:50+08:00 ] ::1 /LFCMS/Public/admin/Js/jquery.sorted.js
INFO: [ app_init ] --START--
INFO: Run Behavior\BuildLiteBehavior [ RunTime:0.000014s ]
INFO: [ app_init ] --END-- [ RunTime:0.000321s ]
ERR: 无法加载模块:Public

[ 2016-05-18T14:58:51+08:00 ] 192.168.0.237 /LFCMS/Public/admin/Js/jquery.sorted.js
INFO: [ app_init ] --START--
INFO: Run Behavior\BuildLiteBehavior [ RunTime:0.000012s ]
INFO: [ app_init ] --END-- [ RunTime:0.000292s ]
ERR: 无法加载模块:Public

[ 2016-05-18T14:58:57+08:00 ] 192.168.0.237 /LFCMS/Public/admin/Js/jquery.sorted.js
INFO: [ app_init ] --START--
INFO: Run Behavior\BuildLiteBehavior [ RunTime:0.000014s ]
INFO: [ app_init ] --END-- [ RunTime:0.000419s ]
ERR: 无法加载模块:Public

[ 2016-05-18T14:58:59+08:00 ] 192.168.0.237 /LFCMS/Public/admin/Js/jquery.sorted.js
INFO: [ app_init ] --START--
INFO: Run Behavior\BuildLiteBehavior [ RunTime:0.000011s ]
INFO: [ app_init ] --END-- [ RunTime:0.000289s ]
ERR: 无法加载模块:Public

[ 2016-05-18T14:59:00+08:00 ] 192.168.0.237 /LFCMS/Public/admin/Js/jquery.sorted.js
INFO: [ app_init ] --START--
INFO: Run Behavior\BuildLiteBehavior [ RunTime:0.000012s ]
INFO: [ app_init ] --END-- [ RunTime:0.000322s ]
ERR: 无法加载模块:Public

[ 2016-05-18T15:00:09+08:00 ] ::1 /LFCMS/Public/admin/Js/jquery.sorted.js
INFO: [ app_init ] --START--
INFO: Run Behavior\BuildLiteBehavior [ RunTime:0.000012s ]
INFO: [ app_init ] --END-- [ RunTime:0.000298s ]
ERR: 无法加载模块:Public

[ 2016-05-18T15:01:55+08:00 ] ::1 /LFCMS/Public/admin/Js/jquery.sorted.js
INFO: [ app_init ] --START--
INFO: Run Behavior\BuildLiteBehavior [ RunTime:0.000013s ]
INFO: [ app_init ] --END-- [ RunTime:0.000301s ]
ERR: 无法加载模块:Public

[ 2016-05-18T15:06:02+08:00 ] ::1 /LFCMS/Public/admin/Js/jquery.sorted.js
INFO: [ app_init ] --START--
INFO: Run Behavior\BuildLiteBehavior [ RunTime:0.000013s ]
INFO: [ app_init ] --END-- [ RunTime:0.000311s ]
ERR: 无法加载模块:Public

[ 2016-05-18T15:06:24+08:00 ] 192.168.0.237 /LFCMS/Public/admin/Js/jquery.sorted.js
INFO: [ app_init ] --START--
INFO: Run Behavior\BuildLiteBehavior [ RunTime:0.000012s ]
INFO: [ app_init ] --END-- [ RunTime:0.000290s ]
ERR: 无法加载模块:Public

[ 2016-05-18T15:06:27+08:00 ] 192.168.0.237 /LFCMS/Public/admin/Js/jquery.sorted.js
INFO: [ app_init ] --START--
INFO: Run Behavior\BuildLiteBehavior [ RunTime:0.000012s ]
INFO: [ app_init ] --END-- [ RunTime:0.000286s ]
ERR: 无法加载模块:Public

[ 2016-05-18T15:06:41+08:00 ] 192.168.0.237 /LFCMS/Public/admin/Js/jquery.sorted.js
INFO: [ app_init ] --START--
INFO: Run Behavior\BuildLiteBehavior [ RunTime:0.000012s ]
INFO: [ app_init ] --END-- [ RunTime:0.000281s ]
ERR: 无法加载模块:Public

[ 2016-05-18T15:07:11+08:00 ] ::1 /LFCMS/Public/admin/Js/jquery.sorted.js
INFO: [ app_init ] --START--
INFO: Run Behavior\BuildLiteBehavior [ RunTime:0.000013s ]
INFO: [ app_init ] --END-- [ RunTime:0.000326s ]
ERR: 无法加载模块:Public

[ 2016-05-18T15:07:20+08:00 ] 192.168.0.237 /LFCMS/Public/admin/Js/jquery.sorted.js
INFO: [ app_init ] --START--
INFO: Run Behavior\BuildLiteBehavior [ RunTime:0.000012s ]
INFO: [ app_init ] --END-- [ RunTime:0.000281s ]
ERR: 无法加载模块:Public

[ 2016-05-18T15:07:42+08:00 ] ::1 /LFCMS/Public/admin/Js/jquery.sorted.js
INFO: [ app_init ] --START--
INFO: Run Behavior\BuildLiteBehavior [ RunTime:0.000015s ]
INFO: [ app_init ] --END-- [ RunTime:0.000339s ]
ERR: 无法加载模块:Public

[ 2016-05-18T15:07:44+08:00 ] 192.168.0.237 /LFCMS/Public/admin/Js/jquery.sorted.js
INFO: [ app_init ] --START--
INFO: Run Behavior\BuildLiteBehavior [ RunTime:0.000011s ]
INFO: [ app_init ] --END-- [ RunTime:0.000283s ]
ERR: 无法加载模块:Public

[ 2016-05-18T15:07:46+08:00 ] 192.168.0.237 /LFCMS/Public/admin/Js/jquery.sorted.js
INFO: [ app_init ] --START--
INFO: Run Behavior\BuildLiteBehavior [ RunTime:0.000012s ]
INFO: [ app_init ] --END-- [ RunTime:0.000286s ]
ERR: 无法加载模块:Public

[ 2016-05-18T15:08:10+08:00 ] ::1 /LFCMS/Public/admin/Js/jquery.sorted.js
INFO: [ app_init ] --START--
INFO: Run Behavior\BuildLiteBehavior [ RunTime:0.000012s ]
INFO: [ app_init ] --END-- [ RunTime:0.000310s ]
ERR: 无法加载模块:Public

[ 2016-05-18T15:08:15+08:00 ] 192.168.0.237 /LFCMS/Public/admin/Js/jquery.sorted.js
INFO: [ app_init ] --START--
INFO: Run Behavior\BuildLiteBehavior [ RunTime:0.000016s ]
INFO: [ app_init ] --END-- [ RunTime:0.000288s ]
ERR: 无法加载模块:Public

[ 2016-05-18T15:08:37+08:00 ] ::1 /LFCMS/Public/admin/Js/jquery.sorted.js
INFO: [ app_init ] --START--
INFO: Run Behavior\BuildLiteBehavior [ RunTime:0.000015s ]
INFO: [ app_init ] --END-- [ RunTime:0.000362s ]
ERR: 无法加载模块:Public

[ 2016-05-18T15:08:41+08:00 ] 192.168.0.237 /LFCMS/Public/admin/Js/jquery.sorted.js
INFO: [ app_init ] --START--
INFO: Run Behavior\BuildLiteBehavior [ RunTime:0.000012s ]
INFO: [ app_init ] --END-- [ RunTime:0.000286s ]
ERR: 无法加载模块:Public

[ 2016-05-18T15:09:09+08:00 ] ::1 /LFCMS/Public/admin/Js/jquery.sorted.js
INFO: [ app_init ] --START--
INFO: Run Behavior\BuildLiteBehavior [ RunTime:0.000014s ]
INFO: [ app_init ] --END-- [ RunTime:0.000308s ]
ERR: 无法加载模块:Public

[ 2016-05-18T15:09:52+08:00 ] ::1 /LFCMS/Public/admin/Js/jquery.sorted.js
INFO: [ app_init ] --START--
INFO: Run Behavior\BuildLiteBehavior [ RunTime:0.000012s ]
INFO: [ app_init ] --END-- [ RunTime:0.000288s ]
ERR: 无法加载模块:Public

[ 2016-05-18T15:10:07+08:00 ] 192.168.0.237 /LFCMS/Public/admin/Js/jquery.sorted.js
INFO: [ app_init ] --START--
INFO: Run Behavior\BuildLiteBehavior [ RunTime:0.000012s ]
INFO: [ app_init ] --END-- [ RunTime:0.000290s ]
ERR: 无法加载模块:Public

[ 2016-05-18T15:12:01+08:00 ] ::1 /LFCMS/Public/admin/Js/jquery.sorted.js
INFO: [ app_init ] --START--
INFO: Run Behavior\BuildLiteBehavior [ RunTime:0.000015s ]
INFO: [ app_init ] --END-- [ RunTime:0.000337s ]
ERR: 无法加载模块:Public

[ 2016-05-18T15:12:24+08:00 ] 192.168.0.237 /LFCMS/Public/admin/Js/jquery.sorted.js
INFO: [ app_init ] --START--
INFO: Run Behavior\BuildLiteBehavior [ RunTime:0.000012s ]
INFO: [ app_init ] --END-- [ RunTime:0.000287s ]
ERR: 无法加载模块:Public

[ 2016-05-18T15:12:27+08:00 ] 192.168.0.237 /LFCMS/Public/admin/Js/jquery.sorted.js
INFO: [ app_init ] --START--
INFO: Run Behavior\BuildLiteBehavior [ RunTime:0.000015s ]
INFO: [ app_init ] --END-- [ RunTime:0.000288s ]
ERR: 无法加载模块:Public

[ 2016-05-18T15:12:45+08:00 ] ::1 /LFCMS/Public/admin/Js/jquery.sorted.js
INFO: [ app_init ] --START--
INFO: Run Behavior\BuildLiteBehavior [ RunTime:0.000014s ]
INFO: [ app_init ] --END-- [ RunTime:0.000327s ]
ERR: 无法加载模块:Public

[ 2016-05-18T15:12:49+08:00 ] 192.168.0.237 /LFCMS/Public/admin/Js/jquery.sorted.js
INFO: [ app_init ] --START--
INFO: Run Behavior\BuildLiteBehavior [ RunTime:0.000011s ]
INFO: [ app_init ] --END-- [ RunTime:0.000280s ]
ERR: 无法加载模块:Public

[ 2016-05-18T15:12:49+08:00 ] 192.168.0.237 /LFCMS/Public/admin/Js/jquery.sorted.js
INFO: [ app_init ] --START--
INFO: Run Behavior\BuildLiteBehavior [ RunTime:0.000018s ]
INFO: [ app_init ] --END-- [ RunTime:0.000384s ]
ERR: 无法加载模块:Public

[ 2016-05-18T15:12:51+08:00 ] 192.168.0.237 /LFCMS/Public/admin/Js/jquery.sorted.js
INFO: [ app_init ] --START--
INFO: Run Behavior\BuildLiteBehavior [ RunTime:0.000012s ]
INFO: [ app_init ] --END-- [ RunTime:0.000284s ]
ERR: 无法加载模块:Public

[ 2016-05-18T15:13:37+08:00 ] ::1 /LFCMS/Public/admin/Js/jquery.sorted.js
INFO: [ app_init ] --START--
INFO: Run Behavior\BuildLiteBehavior [ RunTime:0.000013s ]
INFO: [ app_init ] --END-- [ RunTime:0.000319s ]
ERR: 无法加载模块:Public

[ 2016-05-18T15:13:45+08:00 ] 192.168.0.237 /LFCMS/Public/admin/Js/jquery.sorted.js
INFO: [ app_init ] --START--
INFO: Run Behavior\BuildLiteBehavior [ RunTime:0.000012s ]
INFO: [ app_init ] --END-- [ RunTime:0.000281s ]
ERR: 无法加载模块:Public

[ 2016-05-18T15:14:00+08:00 ] 192.168.0.237 /LFCMS/Public/admin/Js/jquery.sorted.js
INFO: [ app_init ] --START--
INFO: Run Behavior\BuildLiteBehavior [ RunTime:0.000012s ]
INFO: [ app_init ] --END-- [ RunTime:0.000292s ]
ERR: 无法加载模块:Public

[ 2016-05-18T15:14:52+08:00 ] ::1 /LFCMS/Public/admin/Js/jquery.sorted.js
INFO: [ app_init ] --START--
INFO: Run Behavior\BuildLiteBehavior [ RunTime:0.000013s ]
INFO: [ app_init ] --END-- [ RunTime:0.000304s ]
ERR: 无法加载模块:Public

[ 2016-05-18T15:17:03+08:00 ] ::1 /LFCMS/Public/admin/Js/jquery.sorted.js
INFO: [ app_init ] --START--
INFO: Run Behavior\BuildLiteBehavior [ RunTime:0.000015s ]
INFO: [ app_init ] --END-- [ RunTime:0.000392s ]
ERR: 无法加载模块:Public

[ 2016-05-18T15:18:00+08:00 ] ::1 /LFCMS/Public/admin/Js/jquery.sorted.js
INFO: [ app_init ] --START--
INFO: Run Behavior\BuildLiteBehavior [ RunTime:0.000014s ]
INFO: [ app_init ] --END-- [ RunTime:0.000339s ]
ERR: 无法加载模块:Public

[ 2016-05-18T15:18:18+08:00 ] 192.168.0.237 /LFCMS/Public/admin/Js/jquery.sorted.js
INFO: [ app_init ] --START--
INFO: Run Behavior\BuildLiteBehavior [ RunTime:0.000018s ]
INFO: [ app_init ] --END-- [ RunTime:0.000383s ]
ERR: 无法加载模块:Public

[ 2016-05-18T15:18:50+08:00 ] ::1 /LFCMS/Public/admin/Js/jquery.sorted.js
INFO: [ app_init ] --START--
INFO: Run Behavior\BuildLiteBehavior [ RunTime:0.000016s ]
INFO: [ app_init ] --END-- [ RunTime:0.000360s ]
ERR: 无法加载模块:Public

[ 2016-05-18T15:20:05+08:00 ] ::1 /LFCMS/Public/admin/Js/jquery.sorted.js
INFO: [ app_init ] --START--
INFO: Run Behavior\BuildLiteBehavior [ RunTime:0.000013s ]
INFO: [ app_init ] --END-- [ RunTime:0.000287s ]
ERR: 无法加载模块:Public

[ 2016-05-18T15:20:35+08:00 ] ::1 /LFCMS/Public/admin/Js/jquery.sorted.js
INFO: [ app_init ] --START--
INFO: Run Behavior\BuildLiteBehavior [ RunTime:0.000014s ]
INFO: [ app_init ] --END-- [ RunTime:0.000327s ]
ERR: 无法加载模块:Public

[ 2016-05-18T15:21:06+08:00 ] ::1 /LFCMS/Public/admin/Js/jquery.sorted.js
INFO: [ app_init ] --START--
INFO: Run Behavior\BuildLiteBehavior [ RunTime:0.000013s ]
INFO: [ app_init ] --END-- [ RunTime:0.000298s ]
ERR: 无法加载模块:Public

[ 2016-05-18T15:21:16+08:00 ] 192.168.0.237 /LFCMS/Public/admin/Js/jquery.sorted.js
INFO: [ app_init ] --START--
INFO: Run Behavior\BuildLiteBehavior [ RunTime:0.000011s ]
INFO: [ app_init ] --END-- [ RunTime:0.000283s ]
ERR: 无法加载模块:Public

[ 2016-05-18T15:21:44+08:00 ] ::1 /LFCMS/Public/admin/Js/jquery.sorted.js
INFO: [ app_init ] --START--
INFO: Run Behavior\BuildLiteBehavior [ RunTime:0.000012s ]
INFO: [ app_init ] --END-- [ RunTime:0.000304s ]
ERR: 无法加载模块:Public

[ 2016-05-18T15:22:01+08:00 ] 192.168.0.237 /LFCMS/Public/admin/Js/jquery.sorted.js
INFO: [ app_init ] --START--
INFO: Run Behavior\BuildLiteBehavior [ RunTime:0.000011s ]
INFO: [ app_init ] --END-- [ RunTime:0.000284s ]
ERR: 无法加载模块:Public

[ 2016-05-18T15:22:26+08:00 ] 192.168.0.237 /LFCMS/Public/admin/Js/jquery.sorted.js
INFO: [ app_init ] --START--
INFO: Run Behavior\BuildLiteBehavior [ RunTime:0.000012s ]
INFO: [ app_init ] --END-- [ RunTime:0.000281s ]
ERR: 无法加载模块:Public

[ 2016-05-18T15:22:35+08:00 ] 192.168.0.237 /LFCMS/Public/admin/Js/jquery.sorted.js
INFO: [ app_init ] --START--
INFO: Run Behavior\BuildLiteBehavior [ RunTime:0.000012s ]
INFO: [ app_init ] --END-- [ RunTime:0.000285s ]
ERR: 无法加载模块:Public

[ 2016-05-18T15:22:55+08:00 ] 192.168.0.237 /LFCMS/Public/admin/Js/jquery.sorted.js
INFO: [ app_init ] --START--
INFO: Run Behavior\BuildLiteBehavior [ RunTime:0.000012s ]
INFO: [ app_init ] --END-- [ RunTime:0.000285s ]
ERR: 无法加载模块:Public

[ 2016-05-18T15:23:10+08:00 ] 192.168.0.237 /LFCMS/Public/admin/Js/jquery.sorted.js
INFO: [ app_init ] --START--
INFO: Run Behavior\BuildLiteBehavior [ RunTime:0.000012s ]
INFO: [ app_init ] --END-- [ RunTime:0.000280s ]
ERR: 无法加载模块:Public

[ 2016-05-18T15:23:39+08:00 ] 192.168.0.237 /LFCMS/Public/admin/Js/jquery.sorted.js
INFO: [ app_init ] --START--
INFO: Run Behavior\BuildLiteBehavior [ RunTime:0.000012s ]
INFO: [ app_init ] --END-- [ RunTime:0.000308s ]
ERR: 无法加载模块:Public

[ 2016-05-18T15:23:43+08:00 ] ::1 /LFCMS/Public/admin/Js/jquery.sorted.js
INFO: [ app_init ] --START--
INFO: Run Behavior\BuildLiteBehavior [ RunTime:0.000013s ]
INFO: [ app_init ] --END-- [ RunTime:0.000320s ]
ERR: 无法加载模块:Public

[ 2016-05-18T15:24:28+08:00 ] ::1 /LFCMS/Public/admin/Js/jquery.sorted.js
INFO: [ app_init ] --START--
INFO: Run Behavior\BuildLiteBehavior [ RunTime:0.000014s ]
INFO: [ app_init ] --END-- [ RunTime:0.000309s ]
ERR: 无法加载模块:Public

[ 2016-05-18T15:24:38+08:00 ] 192.168.0.237 /LFCMS/Public/admin/Js/jquery.sorted.js
INFO: [ app_init ] --START--
INFO: Run Behavior\BuildLiteBehavior [ RunTime:0.000012s ]
INFO: [ app_init ] --END-- [ RunTime:0.000295s ]
ERR: 无法加载模块:Public

